<?xml version="1.0" encoding="UTF-8"?>
<!-- Generated by org.testng.reporters.JUnitReportReporter -->
<testsuite hostname="PandeyPC" failures="0" tests="1" name="practise.webtable" time="12.414" errors="0" timestamp="2023-10-18T18:47:06 IST" skipped="0">
  <testcase classname="practise.webtable" name="crickbuzz" time="12.414"/>
  <system-out/>
</testsuite> <!-- practise.webtable -->
