<?xml version="1.0" encoding="UTF-8"?>
<!-- Generated by org.testng.reporters.JUnitReportReporter -->
<testsuite hostname="PandeyPC" failures="0" tests="1" name="practise.webtable" time="84.135" errors="0" timestamp="20 Oct 2023 02:51:01 GMT" skipped="0">
  <testcase classname="practise.webtable" name="crickbuzz" time="84.135"/>
</testsuite> <!-- practise.webtable -->
