<?xml version="1.0" encoding="UTF-8"?>
<!-- Generated by org.testng.reporters.JUnitReportReporter -->
<testsuite hostname="PandeyPC" failures="0" tests="1" name="practise.Test" time="2.362" errors="0" timestamp="2023-09-25T11:25:47 IST" skipped="0">
  <testcase classname="practise.Test" name="ChromeRunner" time="2.362"/>
  <system-out/>
</testsuite> <!-- practise.Test -->
