<?xml version="1.0" encoding="UTF-8"?>
<!-- Generated by org.testng.reporters.JUnitReportReporter -->
<testsuite hostname="PandeyPC" failures="0" tests="1" name="practise.crmBot" time="10.611" errors="0" timestamp="2023-03-02T12:26:10 IST" skipped="0">
  <testcase classname="practise.crmBot" name="Tester" time="10.611"/>
  <system-out/>
</testsuite> <!-- practise.crmBot -->
